app/seeds.txt
com.paulmerchants.gold.ui.btmsheetDg.Hilt_QuickPayDialog
com.paulmerchants.gold.ui.menu_page.MenuScreenFrag
com.paulmerchants.gold.ui.MainActivity
com.paulmerchants.gold.ui.others.Hilt_ProfileFrag
com.paulmerchants.gold.model.newmodel.RespPayReceipt
com.paulmerchants.gold.model.TypeService
com.paulmerchants.gold.ui.PaymentActivity_GeneratedInjector
com.paulmerchants.gold.model.newmodel.RespGetCustomer
com.paulmerchants.gold.ui.others.PaymentModesFrag_GeneratedInjector
com.paulmerchants.gold.model.ActionItem
com.paulmerchants.gold.model.newmodel.LoginNewResp
com.paulmerchants.gold.ui.others.ResetMPinFrag_GeneratedInjector
com.paulmerchants.gold.ui.others.TransactionDetailFrag_GeneratedInjector
com.paulmerchants.gold.ui.others.TransactionDoneScreenFrag
com.paulmerchants.gold.ui.bottom.BillsAndMoreScreenFrag
com.paulmerchants.gold.ui.others.ComplaintRegister_GeneratedInjector
com.paulmerchants.gold.model.newmodel.RespGetLOanOutStanding
com.paulmerchants.gold.model.MenuServices
com.paulmerchants.gold.ui.btmsheetDg.PaymentCloseDialog_GeneratedInjector
com.paulmerchants.gold.ui.others.Hilt_ApplyLoanForNewUser
com.paulmerchants.gold.ui.others.Hilt_TransactionFrag
com.paulmerchants.gold.ui.others.ProceedToPay
com.paulmerchants.gold.model.newmodel.RespCustomCustomerDetail
com.paulmerchants.gold.model.RespClosureReceiptItem
com.paulmerchants.gold.ui.others.Hilt_AddCardFrag
com.paulmerchants.gold.model.newmodel.PaidDto
com.paulmerchants.gold.ui.others.PmlGoldLoan
com.paulmerchants.gold.ui.splash.BannerForPlanetApp_GeneratedInjector
com.paulmerchants.gold.model.newmodel.EntityPayment
com.paulmerchants.gold.model.AllAboutCred
com.paulmerchants.gold.ui.others.Hilt_ComplaintRegister
com.paulmerchants.gold.model.RespGetCustomer
com.paulmerchants.gold.model.ResponseVerifyOtp
com.paulmerchants.gold.model.ResponseGetOtp
com.paulmerchants.gold.ui.others.LoanStatementScreenFrag
com.paulmerchants.gold.ui.splash.BannerForPlanetApp
com.paulmerchants.gold.model.RespLoanRenewalProcess
com.paulmerchants.gold.model.newmodel.RespSearchBranch
com.paulmerchants.gold.ui.others.LoanStatementFrag
com.paulmerchants.gold.ui.others.ApplyLoanForNewUser_GeneratedInjector
com.paulmerchants.gold.ui.others.ConfirmPaymentDueFrag
com.paulmerchants.gold.ui.others.ProceedToPay_GeneratedInjector
com.paulmerchants.gold.ui.bottom.LocateUsFrag
com.paulmerchants.gold.ui.PaymentActivity
com.paulmerchants.gold.model.newmodel.RespResetFogetMpin
com.paulmerchants.gold.model.newmodel.RespUpdatePaymentStatus
com.paulmerchants.gold.model.newmodel.PaymentMethod
com.paulmerchants.gold.viewmodels.ProfileViewModel
com.paulmerchants.gold.model.newmodel.RespCreateOrder
com.paulmerchants.gold.ui.btmsheetDg.Hilt_LogoutDialog
com.paulmerchants.gold.model.Data
com.paulmerchants.gold.viewmodels.CommonViewModel
com.paulmerchants.gold.ui.others.CreditScoreScreenFrag_GeneratedInjector
com.paulmerchants.gold.model.newmodel.GepPendingRespObj
com.paulmerchants.gold.ui.others.AddUpiCard_GeneratedInjector
com.paulmerchants.gold.ui.others.RaiseComplaint
com.paulmerchants.gold.common.BaseActivity
com.paulmerchants.gold.ui.others.PmlGoldLoan_GeneratedInjector
com.paulmerchants.gold.ui.btmsheetDg.ResetMpinDialog
com.paulmerchants.gold.ui.auth.LoginScreenFrag_GeneratedInjector
com.paulmerchants.gold.ui.others.ConfirmPaymentDueFrag_GeneratedInjector
com.paulmerchants.gold.viewmodels.TxnReceiptViewModel
com.paulmerchants.gold.ui.others.EditProfileScreenFrag_GeneratedInjector
com.paulmerchants.gold.model.newmodel.Notes
com.paulmerchants.gold.model.newmodel.PaymentDetail
com.paulmerchants.gold.ui.others.Hilt_BillsFragment
com.paulmerchants.gold.model.newmodel.PendingInterestDuesResponseData
com.paulmerchants.gold.ui.auth.Hilt_PhoenNumVerifiactionFragment
com.paulmerchants.gold.ui.others.CreditScoreScreenFrag
com.paulmerchants.gold.model.newmodel.LoginReqNew
com.paulmerchants.gold.ui.others.PaymentModesFragNew
com.paulmerchants.gold.ui.btmsheetDg.Hilt_NewUserDialog
...
com.google.android.libraries.places.api.model.PlaceTypes: java.lang.String BOOK_STORE
okhttp3.CipherSuite: okhttp3.CipherSuite TLS_RSA_WITH_AES_256_CBC_SHA256
com.google.crypto.tink.proto.AesCmacKey: int KEY_VALUE_FIELD_NUMBER
com.google.android.libraries.places.internal.zzei: com.google.android.libraries.places.internal.zzei$zzb[] matchedSubstrings
com.razorpay.R$string: int mtrl_picker_toggle_to_text_input_mode
com.razorpay.R$dimen: int material_filled_edittext_font_1_3_padding_bottom
com.razorpay.R$style: int Widget_Material3_Button_IconButton_Filled
com.razorpay.R$color: int mtrl_filled_icon_tint
com.razorpay.R$dimen: int mtrl_navigation_rail_compact_width
com.google.android.libraries.places.internal.zzaef: com.google.android.libraries.places.internal.zzagd zza
com.razorpay.R$id: int path
com.google.firebase.perf.v1.NetworkRequestMetric: int RESPONSE_PAYLOAD_BYTES_FIELD_NUMBER
com.google.android.libraries.places.internal.zzty: int zzd
com.razorpay.R$styleable: int TextAppearance_android_textSize
com.razorpay.R$color: int m3_sys_color_dark_secondary
com.google.android.libraries.places.api.model.zzam: android.os.Parcelable$Creator CREATOR
com.razorpay.R$attr: int itemActiveIndicatorStyle
com.razorpay.R$styleable: int SearchBar_hideNavigationIcon
com.razorpay.R$styleable: int TextInputLayout_boxStrokeErrorColor
com.google.android.libraries.places.internal.zzbr: int zze
com.google.android.libraries.places.internal.zzaa: boolean zzg
com.razorpay.R$color: int m3_ref_palette_dynamic_tertiary20
com.razorpay.R$dimen: int material_filled_edittext_font_2_0_padding_bottom
com.razorpay.R$color: int m3_ref_palette_dynamic_neutral_variant90
com.razorpay.R$drawable: int ic_m3_chip_checked_circle
com.razorpay.R$dimen: int m3_fab_translation_z_pressed
com.razorpay.R$style: int Widget_MaterialComponents_Tooltip
com.razorpay.R$attr: int region_widthMoreThan
com.google.android.libraries.places.R$color: int quantum_vanillared700
com.google.android.libraries.places.internal.zzm: com.google.android.libraries.places.internal.zzagd zza
com.razorpay.R$dimen: int m3_comp_filter_chip_flat_container_elevation
com.google.android.libraries.places.internal.zznm: int zzl
com.razorpay.R$attr: int colorOnSurfaceInverse
com.razorpay.R$style: int TextAppearance_Compat_Notification_Time
com.razorpay.R$attr: int motion_triggerOnCollision
com.google.android.libraries.places.R$id: int customPanel
okhttp3.CipherSuite: okhttp3.CipherSuite TLS_DHE_DSS_WITH_AES_128_CBC_SHA256
com.razorpay.RzpAssist: android.app.Activity activity
com.google.android.libraries.places.internal.zzrt: long zzg
com.razorpay.R$color: int m3_ref_palette_dynamic_secondary95
com.google.android.libraries.places.internal.zzaby: com.google.android.libraries.places.internal.zzacj zzp
com.razorpay.R$color: int m3_ref_palette_error60
com.razorpay.R$color: int m3_ref_palette_tertiary100
com.razorpay.R$color: int mtrl_textinput_default_box_stroke_color
com.google.android.libraries.places.internal.zzsm: long zze
com.razorpay.R$attr: int trackColorInactive
com.razorpay.R$dimen: int compat_button_padding_horizontal_material
com.google.android.libraries.places.internal.zzxj: com.google.android.libraries.places.internal.zzxf zzm
com.razorpay.R$attr: int flow_wrapMode
com.razorpay.R$styleable: int[] MaterialShape
com.razorpay.R$styleable: int TabLayout_tabRippleColor
com.razorpay.R$string: int mtrl_switch_thumb_path_pressed
com.razorpay.R$style: int Base_Widget_AppCompat_Button_ButtonBar_AlertDialog
com.razorpay.R$style: int ThemeOverlay_Material3_ExtendedFloatingActionButton_Surface
com.razorpay.R$color: int m3_sys_color_dark_on_secondary_container
com.google.android.libraries.places.api.model.PlaceTypes: java.lang.String SUBLOCALITY_LEVEL_3
com.google.android.libraries.places.internal.zzrm: boolean zzf
com.razorpay.R$styleable: int AppBarLayoutStates_state_collapsed
com.google.android.gms.internal.measurement.zzgc: java.lang.String zzY
com.razorpay.R$dimen: int m3_searchview_height