app/unused.txt
com.paulmerchants.gold.BuildConfig:
    public static final java.lang.String APPLICATION_ID
    public static final java.lang.String BASE_URL
    public static final java.lang.String BUILD_TYPE
    public static final java.lang.String PASSWORD
    public static final java.lang.String PRIVACY_POLICY
    public static final java.lang.String RAZORPAY_KEY
    public static final java.lang.String SECRET_KEY
    public static final java.lang.String SECRET_KEY_GEN
    public static final java.lang.String TERMS_CONDITION
    public static final java.lang.String USERNAME
    public static final int VERSION_CODE
    public static final java.lang.String VERSION_NAME
    public void <init>()
com.paulmerchants.gold.MainNavGraphDirections$Companion:
    public final androidx.navigation.NavDirections actionToBillsAndMore()
    public final androidx.navigation.NavDirections actionToHome()
    public final androidx.navigation.NavDirections actionToLocateUs()
    public final androidx.navigation.NavDirections actionToMenuScreen()
    public final androidx.navigation.NavDirections actionToResetPinCard()
com.paulmerchants.gold.MainNavGraphDirections:
    private void <init>()
com.paulmerchants.gold.R$anim:
    public static int blink
    public static int bounce
    public static int fade
    public static int fade_in
    public static int fade_out
    public static int record_throb
    public static int rotate
    public static int slide_down
    public static int slide_down_to_mid
    public static int slide_in
    public static int slide_in_top
    public static int slide_mid_to_up
    public static int slide_out
    private void <init>()
com.paulmerchants.gold.R$array:
    private void <init>()
com.paulmerchants.gold.R$attr
com.paulmerchants.gold.R$color:
    public static int back_blue_light
    public static int back_blue_light2
    public static int bg_blue_dif
    public static int bg_screen_color
    public static int bg_status_color
    public static int black_lnt
    public static int blue_light
    public static int blue_new
    public static int brown
    public static int button_lnt
    public static int color_green
    public static int divide_lnt
    public static int due_2days_red
    public static int due_4days_red
    public static int due_yellow
    public static int edit_text_border_clr
    public static int gray_2
    public static int green_due
    public static int green_main
    public static int green_maintenance
    public static int green_verified_card
    public static int grey
    public static int grey_color
    public static int grey_maintenance
    public static int hide_card_num
    public static int ic_launcher_background
    public static int lable_color_et
    public static int no_color
    public static int or_lnt
    public static int orange_main
    public static int pantone
    public static int purple_200
    public static int purple_500
    public static int purple_700
    public static int red_amount
    public static int red_txt
    public static int safron
    public static int sky_blue_main
    public static int stay_tuned
    public static int teal_200
    public static int teal_700
    public static int text_color
com.paulmerchants.gold.R$dimen
...
com.google.android.gms.auth.api.proxy.ProxyClient
com.google.android.gms.auth.api.proxy.ProxyRequest$Builder
com.google.android.gms.auth.api.proxy.ProxyRequest
com.google.android.gms.auth.api.proxy.ProxyResponse
com.google.android.gms.auth.api.proxy.zza
com.google.android.gms.auth.api.proxy.zzb
com.google.android.gms.auth.api.signin.GoogleSignIn:
    private void <init>()
    public static com.google.android.gms.auth.api.signin.GoogleSignInAccount getAccountForExtension(android.content.Context,com.google.android.gms.auth.api.signin.GoogleSignInOptionsExtension)
    public static varargs com.google.android.gms.auth.api.signin.GoogleSignInAccount getAccountForScopes(android.content.Context,com.google.android.gms.common.api.Scope,com.google.android.gms.common.api.Scope[])
    public static com.google.android.gms.auth.api.signin.GoogleSignInClient getClient(android.app.Activity,com.google.android.gms.auth.api.signin.GoogleSignInOptions)
    public static com.google.android.gms.auth.api.signin.GoogleSignInAccount getLastSignedInAccount(android.content.Context)
    public static com.google.android.gms.tasks.Task getSignedInAccountFromIntent(android.content.Intent)
    public static boolean hasPermissions(com.google.android.gms.auth.api.signin.GoogleSignInAccount,com.google.android.gms.auth.api.signin.GoogleSignInOptionsExtension)
    public static varargs boolean hasPermissions(com.google.android.gms.auth.api.signin.GoogleSignInAccount,com.google.android.gms.common.api.Scope[])
    public static void requestPermissions(android.app.Activity,int,com.google.android.gms.auth.api.signin.GoogleSignInAccount,com.google.android.gms.auth.api.signin.GoogleSignInOptionsExtension)
com.google.android.gms.auth.api.signin.GoogleSignInAccount:
    public static com.google.android.gms.auth.api.signin.GoogleSignInAccount createDefault()
    public static com.google.android.gms.auth.api.signin.GoogleSignInAccount fromAccount(android.accounts.Account)
    public static varargs com.google.android.gms.auth.api.signin.GoogleSignInAccount fromAccountAndScopes(android.accounts.Account,com.google.android.gms.common.api.Scope,com.google.android.gms.common.api.Scope[])
    public java.util.Set getGrantedScopes()
    public boolean isExpired()
    public varargs com.google.android.gms.auth.api.signin.GoogleSignInAccount requestExtraScopes(com.google.android.gms.common.api.Scope[])
    private static com.google.android.gms.auth.api.signin.GoogleSignInAccount zae(android.accounts.Account,java.util.Set)
com.google.android.gms.auth.api.signin.GoogleSignInApi:
    public static final java.lang.String EXTRA_SIGN_IN_ACCOUNT
    public abstract android.content.Intent getSignInIntent(com.google.android.gms.common.api.GoogleApiClient)
    public abstract com.google.android.gms.auth.api.signin.GoogleSignInResult getSignInResultFromIntent(android.content.Intent)
    public abstract com.google.android.gms.common.api.PendingResult revokeAccess(com.google.android.gms.common.api.GoogleApiClient)
    public abstract com.google.android.gms.common.api.PendingResult signOut(com.google.android.gms.common.api.GoogleApiClient)
    public abstract com.google.android.gms.common.api.OptionalPendingResult silentSignIn(com.google.android.gms.common.api.GoogleApiClient)
com.google.android.gms.auth.api.signin.GoogleSignInClient:
    void <init>(android.app.Activity,com.google.android.gms.auth.api.signin.GoogleSignInOptions)
    public android.content.Intent getSignInIntent()
    public com.google.android.gms.tasks.Task silentSignIn()